

Faixa Etaria Linguagem:

---------------------------------------------------------------------------------------------------------------
| Id  | Operation                         | Name                      | Rows  | Bytes | Cost (%CPU)| Time     |
---------------------------------------------------------------------------------------------------------------
|   0 | SELECT STATEMENT                  |                           |  8168 | 32672 |    31   (7)| 00:00:01 |
|   1 |  COLLECTION ITERATOR PICKLER FETCH| FN_FAIXA_ETARIA_LINGUAGEM |  8168 | 32672 |    31   (7)| 00:00:01 |
---------------------------------------------------------------------------------------------------------------

---------------------------------------------------------------------------------------------------------------
| Id  | Operation                         | Name                      | Rows  | Bytes | Cost (%CPU)| Time     |
---------------------------------------------------------------------------------------------------------------
|   0 | SELECT STATEMENT                  |                           |  8168 | 32672 |    31   (7)| 00:00:01 |
|   1 |  COLLECTION ITERATOR PICKLER FETCH| FN_FAIXA_ETARIA_LINGUAGEM |  8168 | 32672 |    31   (7)| 00:00:01 |
---------------------------------------------------------------------------------------------------------------

Formacao Cargo:

-------------------------------------------------------------------------------------------------------
| Id  | Operation                         | Name              | Rows  | Bytes | Cost (%CPU)| Time     |
-------------------------------------------------------------------------------------------------------
|   0 | SELECT STATEMENT                  |                   |  8168 | 32672 |    31   (7)| 00:00:01 |
|   1 |  COLLECTION ITERATOR PICKLER FETCH| FN_FORMACAO_CARGO |  8168 | 32672 |    31   (7)| 00:00:01 |
-------------------------------------------------------------------------------------------------------

-------------------------------------------------------------------------------------------------------
| Id  | Operation                         | Name              | Rows  | Bytes | Cost (%CPU)| Time     |
-------------------------------------------------------------------------------------------------------
|   0 | SELECT STATEMENT                  |                   |  8168 | 32672 |    31   (7)| 00:00:01 |
|   1 |  COLLECTION ITERATOR PICKLER FETCH| FN_FORMACAO_CARGO |  8168 | 32672 |    31   (7)| 00:00:01 |
-------------------------------------------------------------------------------------------------------

Media Salario Por Linguagem:

---------------------------------------------------------------------------------------------------------------------
| Id  | Operation                         | Name                            | Rows  | Bytes | Cost (%CPU)| Time     |
---------------------------------------------------------------------------------------------------------------------
|   0 | SELECT STATEMENT                  |                                 |  8168 | 32672 |    32  (10)| 00:00:01 |
|   1 |  COLLECTION ITERATOR PICKLER FETCH| FN_MEDIA_SALARIAL_POR_LINGUAGEM |  8168 | 32672 |    32  (10)| 00:00:01 |
---------------------------------------------------------------------------------------------------------------------

---------------------------------------------------------------------------------------------------------------------
| Id  | Operation                         | Name                            | Rows  | Bytes | Cost (%CPU)| Time     |
---------------------------------------------------------------------------------------------------------------------
|   0 | SELECT STATEMENT                  |                                 |  8168 | 32672 |    32  (10)| 00:00:01 |
|   1 |  COLLECTION ITERATOR PICKLER FETCH| FN_MEDIA_SALARIAL_POR_LINGUAGEM |  8168 | 32672 |    32  (10)| 00:00:01 |
---------------------------------------------------------------------------------------------------------------------


Modalidade de Trabalho / Cargo:

------------------------------------------------------------------------------------------------------------------
| Id  | Operation                         | Name                         | Rows  | Bytes | Cost (%CPU)| Time     |
------------------------------------------------------------------------------------------------------------------
|   0 | SELECT STATEMENT                  |                              |  8168 | 32672 |    31   (7)| 00:00:01 |
|   1 |  COLLECTION ITERATOR PICKLER FETCH| FN_MODALIDADE_TRABALHO_CARGO |  8168 | 32672 |    31   (7)| 00:00:01 |
------------------------------------------------------------------------------------------------------------------

------------------------------------------------------------------------------------------------------------------
| Id  | Operation                         | Name                         | Rows  | Bytes | Cost (%CPU)| Time     |
------------------------------------------------------------------------------------------------------------------
|   0 | SELECT STATEMENT                  |                              |  8168 | 32672 |    31   (7)| 00:00:01 |
|   1 |  COLLECTION ITERATOR PICKLER FETCH| FN_MODALIDADE_TRABALHO_CARGO |  8168 | 32672 |    31   (7)| 00:00:01 |
------------------------------------------------------------------------------------------------------------------
